<?xml version="1.0" encoding="UTF-8" ?>
<testsuite tests="1" failures="0" name="application.mcts.GenerateTrainingDataTest" time="0" errors="1" skipped="0">
  <properties>
[...]
</properties>
  <testcase classname="application.mcts.GenerateTrainingDataTest" name="initializationError" time="0">
    <error message="

No tests found in GenerateTrainingDataTest
Is the method annotated with @Test?
Is the method public?
" type="org.mockito.exceptions.base.MockitoException">org.mockito.exceptions.base.MockitoException: 

No tests found in GenerateTrainingDataTest
Is the method annotated with @Test?
Is the method public?

	at org.mockito.internal.runners.RunnerFactory.create(RunnerFactory.java:75)
	at org.mockito.internal.runners.RunnerFactory.createStrict(RunnerFactory.java:40)
	at org.mockito.junit.MockitoJUnitRunner.&lt;init&gt;(MockitoJUnitRunner.java:154)
	at java.base/jdk.internal.reflect.NativeConstructorAccessorImpl.newInstance0(Native Method)
	at java.base/jdk.internal.reflect.NativeConstructorAccessorImpl.newInstance(NativeConstructorAccessorImpl.java:62)
	at java.base/jdk.internal.reflect.DelegatingConstructorAccessorImpl.newInstance(DelegatingConstructorAccessorImpl.java:45)
	at java.base/java.lang.reflect.Constructor.newInstance(Constructor.java:490)
	at org.junit.internal.builders.AnnotatedBuilder.buildRunner(AnnotatedBuilder.java:104)
	at org.junit.internal.builders.AnnotatedBuilder.runnerForClass(AnnotatedBuilder.java:86)
	at org.junit.runners.model.RunnerBuilder.safeRunnerForClass(RunnerBuilder.java:59)
	at org.junit.internal.builders.AllDefaultPossibilitiesBuilder.runnerForClass(AllDefaultPossibilitiesBuilder.java:26)
	at org.junit.runners.model.RunnerBuilder.safeRunnerForClass(RunnerBuilder.java:59)
	at org.junit.internal.requests.ClassRequest.getRunner(ClassRequest.java:33)
	at org.apache.maven.surefire.junit4.JUnit4Provider.execute(JUnit4Provider.java:250)
	at org.apache.maven.surefire.junit4.JUnit4Provider.executeTestSet(JUnit4Provider.java:141)
	at org.apache.maven.surefire.junit4.JUnit4Provider.invoke(JUnit4Provider.java:112)
	at java.base/jdk.internal.reflect.NativeMethodAccessorImpl.invoke0(Native Method)
	at java.base/jdk.internal.reflect.NativeMethodAccessorImpl.invoke(NativeMethodAccessorImpl.java:62)
	at java.base/jdk.internal.reflect.DelegatingMethodAccessorImpl.invoke(DelegatingMethodAccessorImpl.java:43)
	at java.base/java.lang.reflect.Method.invoke(Method.java:566)
	at org.apache.maven.surefire.util.ReflectionUtils.invokeMethodWithArray(ReflectionUtils.java:189)
	at org.apache.maven.surefire.booter.ProviderFactory$ProviderProxy.invoke(ProviderFactory.java:165)
	at org.apache.maven.surefire.booter.ProviderFactory.invokeProvider(ProviderFactory.java:85)
	at org.apache.maven.surefire.booter.ForkedBooter.runSuitesInProcess(ForkedBooter.java:115)
	at org.apache.maven.surefire.booter.ForkedBooter.main(ForkedBooter.java:75)
Caused by: java.lang.reflect.InvocationTargetException
	at java.base/jdk.internal.reflect.NativeConstructorAccessorImpl.newInstance0(Native Method)
	at java.base/jdk.internal.reflect.NativeConstructorAccessorImpl.newInstance(NativeConstructorAccessorImpl.java:62)
	at java.base/jdk.internal.reflect.DelegatingConstructorAccessorImpl.newInstance(DelegatingConstructorAccessorImpl.java:45)
	at java.base/java.lang.reflect.Constructor.newInstance(Constructor.java:490)
	at org.mockito.internal.runners.util.RunnerProvider.newInstance(RunnerProvider.java:27)
	at org.mockito.internal.runners.RunnerFactory.create(RunnerFactory.java:69)
	... 24 more
Caused by: org.junit.runners.model.InitializationError
	at org.junit.runners.ParentRunner.validate(ParentRunner.java:418)
	at org.junit.runners.ParentRunner.&lt;init&gt;(ParentRunner.java:84)
	at org.junit.runners.BlockJUnit4ClassRunner.&lt;init&gt;(BlockJUnit4ClassRunner.java:65)
	at org.mockito.internal.runners.DefaultInternalRunner$1.&lt;init&gt;(DefaultInternalRunner.java:28)
	at org.mockito.internal.runners.DefaultInternalRunner.&lt;init&gt;(DefaultInternalRunner.java:28)
	... 30 more
</error>
  </testcase>
</testsuite>